This file contains any messages produced by compilers while
running configure, to aid debugging if configure makes a mistake.

It was created by search configure 0.1, which was
generated by GNU Autoconf 2.69.  Invocation command line was

  $ ./configure 

## --------- ##
## Platform. ##
## --------- ##

hostname = ubuntu-gnome
uname -m = x86_64
uname -r = 4.8.0-36-generic
uname -s = Linux
uname -v = #36~16.04.1-Ubuntu SMP Sun Feb 5 09:39:57 UTC 2017

/usr/bin/uname -p = unknown
/bin/uname -X     = unknown

/bin/arch              = unknown
/usr/bin/arch -k       = unknown
/usr/convex/getsysinfo = unknown
/usr/bin/hostinfo      = unknown
/bin/machine           = unknown
/usr/bin/oslevel       = unknown
/bin/universe          = unknown

PATH: /media/ubuntu-gnome/_home/home2/cquery/build/clang+llvm-6.0.1-x86_64-linux-gnu-ubuntu-16.04/bin/
PATH: /home/ubuntu-gnome/bin
PATH: /usr/local/bin
PATH: /home/ubuntu-gnome/bin
PATH: /home/ubuntu-gnome/.local/bin
PATH: /usr/local/sbin
PATH: /usr/local/bin
PATH: /usr/sbin
PATH: /usr/bin
PATH: /sbin
PATH: /bin
PATH: /usr/games
PATH: /usr/local/games
PATH: /snap/bin


## ----------- ##
## Core tests. ##
## ----------- ##

configure:1840: checking for a BSD-compatible install
configure:1908: result: /usr/bin/install -c
configure:1919: checking whether build environment is sane
configure:1974: result: yes
configure:2125: checking for a thread-safe mkdir -p
configure:2164: result: /bin/mkdir -p
configure:2171: checking for gawk
configure:2201: result: no
configure:2171: checking for mawk
configure:2187: found /usr/bin/mawk
configure:2198: result: mawk
configure:2209: checking whether make sets $(MAKE)
configure:2231: result: yes
configure:2260: checking whether make supports nested variables
configure:2277: result: yes
configure:2461: checking for g++
configure:2477: found /usr/bin/g++
configure:2488: result: g++
configure:2515: checking for C++ compiler version
configure:2524: g++ --version >&5
g++ (Ubuntu 5.4.0-6ubuntu1~16.04.11) 5.4.0 20160609
Copyright (C) 2015 Free Software Foundation, Inc.
This is free software; see the source for copying conditions.  There is NO
warranty; not even for MERCHANTABILITY or FITNESS FOR A PARTICULAR PURPOSE.

configure:2535: $? = 0
configure:2524: g++ -v >&5
Using built-in specs.
COLLECT_GCC=g++
COLLECT_LTO_WRAPPER=/usr/lib/gcc/x86_64-linux-gnu/5/lto-wrapper
Target: x86_64-linux-gnu
Configured with: ../src/configure -v --with-pkgversion='Ubuntu 5.4.0-6ubuntu1~16.04.11' --with-bugurl=file:///usr/share/doc/gcc-5/README.Bugs --enable-languages=c,ada,c++,java,go,d,fortran,objc,obj-c++ --prefix=/usr --program-suffix=-5 --enable-shared --enable-linker-build-id --libexecdir=/usr/lib --without-included-gettext --enable-threads=posix --libdir=/usr/lib --enable-nls --with-sysroot=/ --enable-clocale=gnu --enable-libstdcxx-debug --enable-libstdcxx-time=yes --with-default-libstdcxx-abi=new --enable-gnu-unique-object --disable-vtable-verify --enable-libmpx --enable-plugin --with-system-zlib --disable-browser-plugin --enable-java-awt=gtk --enable-gtk-cairo --with-java-home=/usr/lib/jvm/java-1.5.0-gcj-5-amd64/jre --enable-java-home --with-jvm-root-dir=/usr/lib/jvm/java-1.5.0-gcj-5-amd64 --with-jvm-jar-dir=/usr/lib/jvm-exports/java-1.5.0-gcj-5-amd64 --with-arch-directory=amd64 --with-ecj-jar=/usr/share/java/eclipse-ecj.jar --enable-objc-gc --enable-multiarch --disable-werror --with-arch-32=i686 --with-abi=m64 --with-multilib-list=m32,m64,mx32 --enable-multilib --with-tune=generic --enable-checking=release --build=x86_64-linux-gnu --host=x86_64-linux-gnu --target=x86_64-linux-gnu
Thread model: posix
gcc version 5.4.0 20160609 (Ubuntu 5.4.0-6ubuntu1~16.04.11) 
configure:2535: $? = 0
configure:2524: g++ -V >&5
g++: error: unrecognized command line option '-V'
g++: fatal error: no input files
compilation terminated.
configure:2535: $? = 1
configure:2524: g++ -qversion >&5
g++: error: unrecognized command line option '-qversion'
g++: fatal error: no input files
compilation terminated.
configure:2535: $? = 1
configure:2555: checking whether the C++ compiler works
configure:2577: g++    conftest.cpp  >&5
configure:2581: $? = 0
configure:2629: result: yes
configure:2632: checking for C++ compiler default output file name
configure:2634: result: a.out
configure:2640: checking for suffix of executables
configure:2647: g++ -o conftest    conftest.cpp  >&5
configure:2651: $? = 0
configure:2673: result: 
configure:2695: checking whether we are cross compiling
configure:2703: g++ -o conftest    conftest.cpp  >&5
configure:2707: $? = 0
configure:2714: ./conftest
configure:2718: $? = 0
configure:2733: result: no
configure:2738: checking for suffix of object files
configure:2760: g++ -c   conftest.cpp >&5
configure:2764: $? = 0
configure:2785: result: o
configure:2789: checking whether we are using the GNU C++ compiler
configure:2808: g++ -c   conftest.cpp >&5
configure:2808: $? = 0
configure:2817: result: yes
configure:2826: checking whether g++ accepts -g
configure:2846: g++ -c -g  conftest.cpp >&5
configure:2846: $? = 0
configure:2887: result: yes
configure:2921: checking for style of include used by make
configure:2949: result: GNU
configure:2975: checking dependency style of g++
configure:3086: result: gcc3

## ---------------- ##
## Cache variables. ##
## ---------------- ##

ac_cv_cxx_compiler_gnu=yes
ac_cv_env_CCC_set=
ac_cv_env_CCC_value=
ac_cv_env_CPPFLAGS_set=
ac_cv_env_CPPFLAGS_value=
ac_cv_env_CXXFLAGS_set=
ac_cv_env_CXXFLAGS_value=
ac_cv_env_CXX_set=
ac_cv_env_CXX_value=
ac_cv_env_LDFLAGS_set=
ac_cv_env_LDFLAGS_value=
ac_cv_env_LIBS_set=
ac_cv_env_LIBS_value=
ac_cv_env_build_alias_set=
ac_cv_env_build_alias_value=
ac_cv_env_host_alias_set=
ac_cv_env_host_alias_value=
ac_cv_env_target_alias_set=
ac_cv_env_target_alias_value=
ac_cv_objext=o
ac_cv_path_install='/usr/bin/install -c'
ac_cv_path_mkdir=/bin/mkdir
ac_cv_prog_AWK=mawk
ac_cv_prog_ac_ct_CXX=g++
ac_cv_prog_cxx_g=yes
ac_cv_prog_make_make_set=yes
am_cv_CXX_dependencies_compiler_type=gcc3
am_cv_make_support_nested_variables=yes

## ----------------- ##
## Output variables. ##
## ----------------- ##

ACLOCAL='${SHELL} /home/ubuntu-gnome/search/src/missing aclocal-1.15'
AMDEPBACKSLASH='\'
AMDEP_FALSE='#'
AMDEP_TRUE=''
AMTAR='$${TAR-tar}'
AM_BACKSLASH='\'
AM_DEFAULT_V='$(AM_DEFAULT_VERBOSITY)'
AM_DEFAULT_VERBOSITY='1'
AM_V='$(V)'
AUTOCONF='${SHELL} /home/ubuntu-gnome/search/src/missing autoconf'
AUTOHEADER='${SHELL} /home/ubuntu-gnome/search/src/missing autoheader'
AUTOMAKE='${SHELL} /home/ubuntu-gnome/search/src/missing automake-1.15'
AWK='mawk'
CPPFLAGS=''
CXX='g++'
CXXDEPMODE='depmode=gcc3'
CXXFLAGS='-g -O2'
CYGPATH_W='echo'
DEFS=''
DEPDIR='.deps'
ECHO_C=''
ECHO_N='-n'
ECHO_T=''
EXEEXT=''
INSTALL_DATA='${INSTALL} -m 644'
INSTALL_PROGRAM='${INSTALL}'
INSTALL_SCRIPT='${INSTALL}'
INSTALL_STRIP_PROGRAM='$(install_sh) -c -s'
LDFLAGS=''
LIBS=''
MAKEINFO='${SHELL} /home/ubuntu-gnome/search/src/missing makeinfo'
MKDIR_P='/bin/mkdir -p'
OBJEXT='o'
PACKAGE='search'
PACKAGE_BUGREPORT='jenmedal1000@gmx.fr'
PACKAGE_NAME='search'
PACKAGE_STRING='search 0.1'
PACKAGE_TARNAME='search'
PACKAGE_URL=''
PACKAGE_VERSION='0.1'
PATH_SEPARATOR=':'
SET_MAKE=''
SHELL='/bin/bash'
STRIP=''
VERSION='0.1'
ac_ct_CXX='g++'
am__fastdepCXX_FALSE='#'
am__fastdepCXX_TRUE=''
am__include='include'
am__isrc=''
am__leading_dot='.'
am__nodep='_no'
am__quote=''
am__tar='$${TAR-tar} chof - "$$tardir"'
am__untar='$${TAR-tar} xf -'
bindir='${exec_prefix}/bin'
build_alias=''
datadir='${datarootdir}'
datarootdir='${prefix}/share'
docdir='${datarootdir}/doc/${PACKAGE_TARNAME}'
dvidir='${docdir}'
exec_prefix='NONE'
host_alias=''
htmldir='${docdir}'
includedir='${prefix}/include'
infodir='${datarootdir}/info'
install_sh='${SHELL} /home/ubuntu-gnome/search/src/install-sh'
libdir='${exec_prefix}/lib'
libexecdir='${exec_prefix}/libexec'
localedir='${datarootdir}/locale'
localstatedir='${prefix}/var'
mandir='${datarootdir}/man'
mkdir_p='$(MKDIR_P)'
oldincludedir='/usr/include'
pdfdir='${docdir}'
prefix='NONE'
program_transform_name='s,x,x,'
psdir='${docdir}'
runstatedir='${localstatedir}/run'
sbindir='${exec_prefix}/sbin'
sharedstatedir='${prefix}/com'
sysconfdir='${prefix}/etc'
target_alias=''

## ----------- ##
## confdefs.h. ##
## ----------- ##

/* confdefs.h */
#define PACKAGE_NAME "search"
#define PACKAGE_TARNAME "search"
#define PACKAGE_VERSION "0.1"
#define PACKAGE_STRING "search 0.1"
#define PACKAGE_BUGREPORT "jenmedal1000@gmx.fr"
#define PACKAGE_URL ""
#define PACKAGE "search"
#define VERSION "0.1"

configure: exit 0
